[2020-07-17 09:39:23.350] [jointLog] [info] setting maxHashResizeThreads to 16
[2020-07-17 09:39:23.350] [jointLog] [info] Fragment incompatibility prior below threshold.  Incompatible fragments will be ignored.
[2020-07-17 09:39:23.350] [jointLog] [info] Usage of --validateMappings implies use of minScoreFraction. Since not explicitly specified, it is being set to 0.65
[2020-07-17 09:39:23.350] [jointLog] [info] Usage of --validateMappings implies a default consensus slack of 0.2. Setting consensusSlack to 0.35.
[2020-07-17 09:39:23.350] [jointLog] [info] parsing read library format
[2020-07-17 09:39:23.350] [jointLog] [info] There is 1 library.
[2020-07-17 09:39:23.401] [jointLog] [info] Loading pufferfish index
[2020-07-17 09:39:23.401] [jointLog] [info] Loading dense pufferfish index.
[2020-07-17 09:39:24.090] [jointLog] [info] done
[2020-07-17 09:39:24.090] [jointLog] [info] Index contained 140,825 targets
[2020-07-17 09:39:24.114] [jointLog] [info] Number of decoys : 0
[2020-07-17 09:39:24.223] [jointLog] [info] Automatically detected most likely library type as SR
[2020-07-17 09:39:46.888] [jointLog] [info] Thread saw mini-batch with a maximum of 7.22% zero probability fragments
[2020-07-17 09:39:46.888] [jointLog] [info] Thread saw mini-batch with a maximum of 7.10% zero probability fragments
[2020-07-17 09:39:46.888] [jointLog] [info] Thread saw mini-batch with a maximum of 7.10% zero probability fragments
[2020-07-17 09:39:46.888] [jointLog] [info] Thread saw mini-batch with a maximum of 7.10% zero probability fragments
[2020-07-17 09:39:46.888] [jointLog] [info] Thread saw mini-batch with a maximum of 7.26% zero probability fragments
[2020-07-17 09:39:46.888] [jointLog] [info] Thread saw mini-batch with a maximum of 7.34% zero probability fragments
[2020-07-17 09:39:46.888] [jointLog] [info] Thread saw mini-batch with a maximum of 7.74% zero probability fragments
[2020-07-17 09:39:46.891] [jointLog] [info] Thread saw mini-batch with a maximum of 7.16% zero probability fragments
[2020-07-17 09:39:46.891] [jointLog] [info] Thread saw mini-batch with a maximum of 7.54% zero probability fragments
[2020-07-17 09:39:46.898] [jointLog] [info] Thread saw mini-batch with a maximum of 7.40% zero probability fragments
[2020-07-17 09:39:46.908] [jointLog] [info] Thread saw mini-batch with a maximum of 7.24% zero probability fragments
[2020-07-17 09:39:46.923] [jointLog] [info] Thread saw mini-batch with a maximum of 7.64% zero probability fragments
[2020-07-17 09:39:46.925] [jointLog] [info] Thread saw mini-batch with a maximum of 7.36% zero probability fragments
[2020-07-17 09:39:46.930] [jointLog] [info] Thread saw mini-batch with a maximum of 7.66% zero probability fragments
[2020-07-17 09:39:46.930] [jointLog] [info] Thread saw mini-batch with a maximum of 7.46% zero probability fragments
[2020-07-17 09:39:46.931] [jointLog] [info] Thread saw mini-batch with a maximum of 7.46% zero probability fragments
[2020-07-17 09:39:47.072] [jointLog] [info] Computed 235,378 rich equivalence classes for further processing
[2020-07-17 09:39:47.072] [jointLog] [info] Counted 10,819,476 total reads in the equivalence classes 
[2020-07-17 09:39:47.081] [jointLog] [info] Number of mappings discarded because of alignment score : 2,096,161
[2020-07-17 09:39:47.081] [jointLog] [info] Number of fragments entirely discarded because of alignment score : 31,127
[2020-07-17 09:39:47.081] [jointLog] [info] Number of fragments discarded because they are best-mapped to decoys : 0
[2020-07-17 09:39:47.081] [jointLog] [info] Number of fragments discarded because they have only dovetail (discordant) mappings to valid targets : 0
[2020-07-17 09:39:47.081] [jointLog] [info] Mapping rate = 42.4949%

[2020-07-17 09:39:47.081] [jointLog] [info] finished quantifyLibrary()
[2020-07-17 09:39:47.082] [jointLog] [info] Starting optimizer
[2020-07-17 09:39:47.073] [fileLog] [info] 
At end of round 0
==================
Observed 25460664 total fragments (25460664 in most recent round)

[2020-07-17 09:39:47.154] [jointLog] [info] Marked 0 weighted equivalence classes as degenerate
[2020-07-17 09:39:47.166] [jointLog] [info] iteration = 0 | max rel diff. = 6013.63
[2020-07-17 09:39:48.311] [jointLog] [info] iteration = 100 | max rel diff. = 16.3083
[2020-07-17 09:39:49.366] [jointLog] [info] iteration = 200 | max rel diff. = 20.6564
[2020-07-17 09:39:50.400] [jointLog] [info] iteration = 300 | max rel diff. = 18.3572
[2020-07-17 09:39:51.456] [jointLog] [info] iteration = 400 | max rel diff. = 11.1789
[2020-07-17 09:39:52.493] [jointLog] [info] iteration = 500 | max rel diff. = 0.118462
[2020-07-17 09:39:53.551] [jointLog] [info] iteration = 600 | max rel diff. = 0.0831654
[2020-07-17 09:39:54.612] [jointLog] [info] iteration = 700 | max rel diff. = 0.0512857
[2020-07-17 09:39:55.646] [jointLog] [info] iteration = 800 | max rel diff. = 0.0277749
[2020-07-17 09:39:56.740] [jointLog] [info] iteration = 900 | max rel diff. = 1.04019
[2020-07-17 09:39:57.822] [jointLog] [info] iteration = 1,000 | max rel diff. = 0.0829519
[2020-07-17 09:39:58.948] [jointLog] [info] iteration = 1,100 | max rel diff. = 2.6733
[2020-07-17 09:39:59.516] [jointLog] [info] iteration = 1,152 | max rel diff. = 0.00958298
[2020-07-17 09:39:59.520] [jointLog] [info] Finished optimizer
[2020-07-17 09:39:59.520] [jointLog] [info] writing output 

