[2020-07-12 11:48:41.746] [jointLog] [info] setting maxHashResizeThreads to 16
[2020-07-12 11:48:41.746] [jointLog] [info] Fragment incompatibility prior below threshold.  Incompatible fragments will be ignored.
[2020-07-12 11:48:41.746] [jointLog] [info] Usage of --validateMappings implies use of minScoreFraction. Since not explicitly specified, it is being set to 0.65
[2020-07-12 11:48:41.746] [jointLog] [info] Usage of --validateMappings implies a default consensus slack of 0.2. Setting consensusSlack to 0.35.
[2020-07-12 11:48:41.746] [jointLog] [info] parsing read library format
[2020-07-12 11:48:41.746] [jointLog] [info] There is 1 library.
[2020-07-12 11:48:41.803] [jointLog] [info] Loading pufferfish index
[2020-07-12 11:48:41.804] [jointLog] [info] Loading dense pufferfish index.
[2020-07-12 11:48:42.650] [jointLog] [info] done
[2020-07-12 11:48:42.650] [jointLog] [info] Index contained 140,825 targets
[2020-07-12 11:48:42.673] [jointLog] [info] Number of decoys : 0
[2020-07-12 11:48:42.824] [jointLog] [info] Automatically detected most likely library type as U
[2020-07-12 11:50:07.025] [jointLog] [info] Computed 634,873 rich equivalence classes for further processing
[2020-07-12 11:50:07.025] [jointLog] [info] Counted 32,900,021 total reads in the equivalence classes 
[2020-07-12 11:50:07.039] [jointLog] [info] Number of mappings discarded because of alignment score : 34,936,145
[2020-07-12 11:50:07.040] [jointLog] [info] Number of fragments entirely discarded because of alignment score : 276,128
[2020-07-12 11:50:07.040] [jointLog] [info] Number of fragments discarded because they are best-mapped to decoys : 0
[2020-07-12 11:50:07.040] [jointLog] [info] Number of fragments discarded because they have only dovetail (discordant) mappings to valid targets : 0
[2020-07-12 11:50:07.040] [jointLog] [info] Mapping rate = 78.7067%

[2020-07-12 11:50:07.040] [jointLog] [info] finished quantifyLibrary()
[2020-07-12 11:50:07.040] [jointLog] [info] Starting optimizer
[2020-07-12 11:50:07.215] [jointLog] [info] Marked 0 weighted equivalence classes as degenerate
[2020-07-12 11:50:07.268] [jointLog] [info] iteration = 0 | max rel diff. = 7978.9
[2020-07-12 11:50:07.026] [fileLog] [info] 
At end of round 0
==================
Observed 41800762 total fragments (41800762 in most recent round)

[2020-07-12 11:50:12.268] [jointLog] [info] iteration = 100 | max rel diff. = 17.7522
[2020-07-12 11:50:16.767] [jointLog] [info] iteration = 200 | max rel diff. = 1.91439
[2020-07-12 11:50:21.319] [jointLog] [info] iteration = 300 | max rel diff. = 1.8182
[2020-07-12 11:50:25.798] [jointLog] [info] iteration = 400 | max rel diff. = 18.3136
[2020-07-12 11:50:30.137] [jointLog] [info] iteration = 500 | max rel diff. = 5.94766
[2020-07-12 11:50:34.409] [jointLog] [info] iteration = 600 | max rel diff. = 0.251345
[2020-07-12 11:50:38.531] [jointLog] [info] iteration = 700 | max rel diff. = 0.495357
[2020-07-12 11:50:42.675] [jointLog] [info] iteration = 800 | max rel diff. = 0.335707
[2020-07-12 11:50:46.912] [jointLog] [info] iteration = 900 | max rel diff. = 0.181769
[2020-07-12 11:50:51.249] [jointLog] [info] iteration = 1,000 | max rel diff. = 0.625494
[2020-07-12 11:50:55.732] [jointLog] [info] iteration = 1,100 | max rel diff. = 0.0158775
[2020-07-12 11:51:00.174] [jointLog] [info] iteration = 1,200 | max rel diff. = 0.131319
[2020-07-12 11:51:04.597] [jointLog] [info] iteration = 1,300 | max rel diff. = 0.716855
[2020-07-12 11:51:08.993] [jointLog] [info] iteration = 1,400 | max rel diff. = 0.245798
[2020-07-12 11:51:13.450] [jointLog] [info] iteration = 1,500 | max rel diff. = 0.538641
[2020-07-12 11:51:17.871] [jointLog] [info] iteration = 1,600 | max rel diff. = 0.0682958
[2020-07-12 11:51:22.165] [jointLog] [info] iteration = 1,700 | max rel diff. = 4.42501
[2020-07-12 11:51:26.481] [jointLog] [info] iteration = 1,800 | max rel diff. = 0.154403
[2020-07-12 11:51:30.654] [jointLog] [info] iteration = 1,898 | max rel diff. = 0.00782058
[2020-07-12 11:51:30.658] [jointLog] [info] Finished optimizer
[2020-07-12 11:51:30.658] [jointLog] [info] writing output 

[2020-07-12 11:51:30.825] [jointLog] [warning] NOTE: Read Lib [[ ENCFF053CFZ.fastq.gz ]] :

Detected a *potential* strand bias > 1% in an unstranded protocol check the file: TReg_act_3_Quant/lib_format_counts.json for details

