[2020-07-17 09:40:37.506] [jointLog] [info] setting maxHashResizeThreads to 16
[2020-07-17 09:40:37.506] [jointLog] [info] Fragment incompatibility prior below threshold.  Incompatible fragments will be ignored.
[2020-07-17 09:40:37.506] [jointLog] [info] Usage of --validateMappings implies use of minScoreFraction. Since not explicitly specified, it is being set to 0.65
[2020-07-17 09:40:37.506] [jointLog] [info] Usage of --validateMappings implies a default consensus slack of 0.2. Setting consensusSlack to 0.35.
[2020-07-17 09:40:37.506] [jointLog] [info] parsing read library format
[2020-07-17 09:40:37.506] [jointLog] [info] There is 1 library.
[2020-07-17 09:40:37.560] [jointLog] [info] Loading pufferfish index
[2020-07-17 09:40:37.560] [jointLog] [info] Loading dense pufferfish index.
[2020-07-17 09:40:38.284] [jointLog] [info] done
[2020-07-17 09:40:38.284] [jointLog] [info] Index contained 140,825 targets
[2020-07-17 09:40:38.308] [jointLog] [info] Number of decoys : 0
[2020-07-17 09:40:38.412] [jointLog] [info] Automatically detected most likely library type as SR
[2020-07-17 09:40:55.770] [jointLog] [info] Thread saw mini-batch with a maximum of 9.30% zero probability fragments
[2020-07-17 09:40:55.770] [jointLog] [info] Thread saw mini-batch with a maximum of 9.12% zero probability fragments
[2020-07-17 09:40:55.770] [jointLog] [info] Thread saw mini-batch with a maximum of 9.24% zero probability fragments
[2020-07-17 09:40:55.770] [jointLog] [info] Thread saw mini-batch with a maximum of 9.06% zero probability fragments
[2020-07-17 09:40:55.770] [jointLog] [info] Thread saw mini-batch with a maximum of 9.26% zero probability fragments
[2020-07-17 09:40:55.770] [jointLog] [info] Thread saw mini-batch with a maximum of 9.22% zero probability fragments
[2020-07-17 09:40:55.770] [jointLog] [info] Thread saw mini-batch with a maximum of 9.46% zero probability fragments
[2020-07-17 09:40:55.770] [jointLog] [info] Thread saw mini-batch with a maximum of 9.22% zero probability fragments
[2020-07-17 09:40:55.770] [jointLog] [info] Thread saw mini-batch with a maximum of 9.12% zero probability fragments
[2020-07-17 09:40:55.778] [jointLog] [info] Thread saw mini-batch with a maximum of 9.50% zero probability fragments
[2020-07-17 09:40:55.778] [jointLog] [info] Thread saw mini-batch with a maximum of 9.22% zero probability fragments
[2020-07-17 09:40:55.787] [jointLog] [info] Thread saw mini-batch with a maximum of 9.50% zero probability fragments
[2020-07-17 09:40:55.788] [jointLog] [info] Thread saw mini-batch with a maximum of 9.44% zero probability fragments
[2020-07-17 09:40:55.797] [jointLog] [info] Thread saw mini-batch with a maximum of 9.36% zero probability fragments
[2020-07-17 09:40:55.800] [jointLog] [info] Thread saw mini-batch with a maximum of 9.18% zero probability fragments
[2020-07-17 09:40:55.802] [jointLog] [info] Thread saw mini-batch with a maximum of 9.32% zero probability fragments
[2020-07-17 09:40:55.936] [jointLog] [info] Computed 220,634 rich equivalence classes for further processing
[2020-07-17 09:40:55.936] [jointLog] [info] Counted 11,807,607 total reads in the equivalence classes 
[2020-07-17 09:40:55.946] [jointLog] [info] Number of mappings discarded because of alignment score : 795,692
[2020-07-17 09:40:55.946] [jointLog] [info] Number of fragments entirely discarded because of alignment score : 20,827
[2020-07-17 09:40:55.946] [jointLog] [info] Number of fragments discarded because they are best-mapped to decoys : 0
[2020-07-17 09:40:55.946] [jointLog] [info] Number of fragments discarded because they have only dovetail (discordant) mappings to valid targets : 0
[2020-07-17 09:40:55.946] [jointLog] [info] Mapping rate = 50.2638%

[2020-07-17 09:40:55.946] [jointLog] [info] finished quantifyLibrary()
[2020-07-17 09:40:55.947] [jointLog] [info] Starting optimizer
[2020-07-17 09:40:55.936] [fileLog] [info] 
At end of round 0
==================
Observed 23491270 total fragments (23491270 in most recent round)

[2020-07-17 09:40:59.252] [jointLog] [info] Marked 0 weighted equivalence classes as degenerate
[2020-07-17 09:40:59.261] [jointLog] [info] iteration = 0 | max rel diff. = 6395.26
[2020-07-17 09:41:00.111] [jointLog] [info] iteration = 100 | max rel diff. = 15.241
[2020-07-17 09:41:00.991] [jointLog] [info] iteration = 200 | max rel diff. = 11.7303
[2020-07-17 09:41:01.857] [jointLog] [info] iteration = 300 | max rel diff. = 8.6396
[2020-07-17 09:41:02.719] [jointLog] [info] iteration = 400 | max rel diff. = 3.97538
[2020-07-17 09:41:03.557] [jointLog] [info] iteration = 500 | max rel diff. = 1.78411
[2020-07-17 09:41:04.541] [jointLog] [info] iteration = 600 | max rel diff. = 0.691138
[2020-07-17 09:41:05.447] [jointLog] [info] iteration = 700 | max rel diff. = 0.04787
[2020-07-17 09:41:06.301] [jointLog] [info] iteration = 800 | max rel diff. = 0.0250057
[2020-07-17 09:41:07.203] [jointLog] [info] iteration = 900 | max rel diff. = 0.530562
[2020-07-17 09:41:08.123] [jointLog] [info] iteration = 1,000 | max rel diff. = 0.0967437
[2020-07-17 09:41:08.993] [jointLog] [info] iteration = 1,100 | max rel diff. = 0.0542713
[2020-07-17 09:41:09.840] [jointLog] [info] iteration = 1,200 | max rel diff. = 0.0235974
[2020-07-17 09:41:10.504] [jointLog] [info] iteration = 1,276 | max rel diff. = 0.00584654
[2020-07-17 09:41:10.507] [jointLog] [info] Finished optimizer
[2020-07-17 09:41:10.507] [jointLog] [info] writing output 

