[2020-07-10 16:48:39.321] [jointLog] [info] setting maxHashResizeThreads to 16
[2020-07-10 16:48:39.321] [jointLog] [info] Fragment incompatibility prior below threshold.  Incompatible fragments will be ignored.
[2020-07-10 16:48:39.321] [jointLog] [info] Usage of --validateMappings implies use of minScoreFraction. Since not explicitly specified, it is being set to 0.65
[2020-07-10 16:48:39.321] [jointLog] [info] Usage of --validateMappings implies a default consensus slack of 0.2. Setting consensusSlack to 0.35.
[2020-07-10 16:48:39.321] [jointLog] [info] parsing read library format
[2020-07-10 16:48:39.321] [jointLog] [info] There is 1 library.
[2020-07-10 16:48:39.369] [jointLog] [info] Loading pufferfish index
[2020-07-10 16:48:39.369] [jointLog] [info] Loading dense pufferfish index.
[2020-07-10 16:48:40.070] [jointLog] [info] done
[2020-07-10 16:48:40.070] [jointLog] [info] Index contained 140,825 targets
[2020-07-10 16:48:40.092] [jointLog] [info] Number of decoys : 0
[2020-07-10 16:48:40.242] [jointLog] [info] Automatically detected most likely library type as U
[2020-07-10 16:50:17.159] [jointLog] [info] Computed 599,580 rich equivalence classes for further processing
[2020-07-10 16:50:17.159] [jointLog] [info] Counted 31,719,095 total reads in the equivalence classes 
[2020-07-10 16:50:17.176] [jointLog] [info] Number of mappings discarded because of alignment score : 30,144,071
[2020-07-10 16:50:17.176] [jointLog] [info] Number of fragments entirely discarded because of alignment score : 237,896
[2020-07-10 16:50:17.176] [jointLog] [info] Number of fragments discarded because they are best-mapped to decoys : 0
[2020-07-10 16:50:17.176] [jointLog] [info] Number of fragments discarded because they have only dovetail (discordant) mappings to valid targets : 0
[2020-07-10 16:50:17.176] [jointLog] [info] Mapping rate = 80.8508%

[2020-07-10 16:50:17.176] [jointLog] [info] finished quantifyLibrary()
[2020-07-10 16:50:17.177] [jointLog] [info] Starting optimizer
[2020-07-10 16:50:17.159] [fileLog] [info] 
At end of round 0
==================
Observed 39231634 total fragments (39231634 in most recent round)

[2020-07-10 16:50:17.378] [jointLog] [info] Marked 0 weighted equivalence classes as degenerate
[2020-07-10 16:50:17.442] [jointLog] [info] iteration = 0 | max rel diff. = 8214.84
[2020-07-10 16:50:23.736] [jointLog] [info] iteration = 100 | max rel diff. = 19.9512
[2020-07-10 16:50:29.950] [jointLog] [info] iteration = 200 | max rel diff. = 3.39614
[2020-07-10 16:50:36.069] [jointLog] [info] iteration = 300 | max rel diff. = 14.8167
[2020-07-10 16:50:41.774] [jointLog] [info] iteration = 400 | max rel diff. = 1.66938
[2020-07-10 16:50:47.252] [jointLog] [info] iteration = 500 | max rel diff. = 11.093
[2020-07-10 16:50:52.644] [jointLog] [info] iteration = 600 | max rel diff. = 0.745406
[2020-07-10 16:50:58.017] [jointLog] [info] iteration = 700 | max rel diff. = 0.198928
[2020-07-10 16:51:03.121] [jointLog] [info] iteration = 800 | max rel diff. = 1.18671
[2020-07-10 16:51:08.314] [jointLog] [info] iteration = 900 | max rel diff. = 0.309444
[2020-07-10 16:51:13.371] [jointLog] [info] iteration = 1,000 | max rel diff. = 0.722739
[2020-07-10 16:51:18.407] [jointLog] [info] iteration = 1,100 | max rel diff. = 0.27232
[2020-07-10 16:51:23.466] [jointLog] [info] iteration = 1,200 | max rel diff. = 0.0187863
[2020-07-10 16:51:28.577] [jointLog] [info] iteration = 1,300 | max rel diff. = 0.157345
[2020-07-10 16:51:33.614] [jointLog] [info] iteration = 1,400 | max rel diff. = 4.09342
[2020-07-10 16:51:38.851] [jointLog] [info] iteration = 1,500 | max rel diff. = 0.143833
[2020-07-10 16:51:44.133] [jointLog] [info] iteration = 1,600 | max rel diff. = 0.223294
[2020-07-10 16:51:49.420] [jointLog] [info] iteration = 1,700 | max rel diff. = 0.0673211
[2020-07-10 16:51:54.702] [jointLog] [info] iteration = 1,800 | max rel diff. = 0.0243121
[2020-07-10 16:52:00.102] [jointLog] [info] iteration = 1,900 | max rel diff. = 0.0399329
[2020-07-10 16:52:05.382] [jointLog] [info] iteration = 2,000 | max rel diff. = 0.0315874
[2020-07-10 16:52:07.031] [jointLog] [info] iteration = 2,032 | max rel diff. = 0.00299225
[2020-07-10 16:52:07.036] [jointLog] [info] Finished optimizer
[2020-07-10 16:52:07.036] [jointLog] [info] writing output 

[2020-07-10 16:52:07.275] [jointLog] [warning] NOTE: Read Lib [[ ENCFF144YYI.fastq.gz ]] :

Detected a *potential* strand bias > 1% in an unstranded protocol check the file: TReg_act_3_Quant/lib_format_counts.json for details

