[2020-07-17 09:40:00.732] [jointLog] [info] setting maxHashResizeThreads to 16
[2020-07-17 09:40:00.732] [jointLog] [info] Fragment incompatibility prior below threshold.  Incompatible fragments will be ignored.
[2020-07-17 09:40:00.732] [jointLog] [info] Usage of --validateMappings implies use of minScoreFraction. Since not explicitly specified, it is being set to 0.65
[2020-07-17 09:40:00.732] [jointLog] [info] Usage of --validateMappings implies a default consensus slack of 0.2. Setting consensusSlack to 0.35.
[2020-07-17 09:40:00.732] [jointLog] [info] parsing read library format
[2020-07-17 09:40:00.732] [jointLog] [info] There is 1 library.
[2020-07-17 09:40:00.787] [jointLog] [info] Loading pufferfish index
[2020-07-17 09:40:00.787] [jointLog] [info] Loading dense pufferfish index.
[2020-07-17 09:40:01.507] [jointLog] [info] done
[2020-07-17 09:40:01.507] [jointLog] [info] Index contained 140,825 targets
[2020-07-17 09:40:01.530] [jointLog] [info] Number of decoys : 0
[2020-07-17 09:40:01.634] [jointLog] [info] Automatically detected most likely library type as SR
[2020-07-17 09:40:20.747] [jointLog] [info] Thread saw mini-batch with a maximum of 8.28% zero probability fragments
[2020-07-17 09:40:20.747] [jointLog] [info] Thread saw mini-batch with a maximum of 8.10% zero probability fragments
[2020-07-17 09:40:20.747] [jointLog] [info] Thread saw mini-batch with a maximum of 8.38% zero probability fragments
[2020-07-17 09:40:20.747] [jointLog] [info] Thread saw mini-batch with a maximum of 8.24% zero probability fragments
[2020-07-17 09:40:20.747] [jointLog] [info] Thread saw mini-batch with a maximum of 8.18% zero probability fragments
[2020-07-17 09:40:20.747] [jointLog] [info] Thread saw mini-batch with a maximum of 8.20% zero probability fragments
[2020-07-17 09:40:20.747] [jointLog] [info] Thread saw mini-batch with a maximum of 8.12% zero probability fragments
[2020-07-17 09:40:20.747] [jointLog] [info] Thread saw mini-batch with a maximum of 8.06% zero probability fragments
[2020-07-17 09:40:20.750] [jointLog] [info] Thread saw mini-batch with a maximum of 8.16% zero probability fragments
[2020-07-17 09:40:20.753] [jointLog] [info] Thread saw mini-batch with a maximum of 7.96% zero probability fragments
[2020-07-17 09:40:20.765] [jointLog] [info] Thread saw mini-batch with a maximum of 8.32% zero probability fragments
[2020-07-17 09:40:20.771] [jointLog] [info] Thread saw mini-batch with a maximum of 8.24% zero probability fragments
[2020-07-17 09:40:20.781] [jointLog] [info] Thread saw mini-batch with a maximum of 8.18% zero probability fragments
[2020-07-17 09:40:20.783] [jointLog] [info] Thread saw mini-batch with a maximum of 7.96% zero probability fragments
[2020-07-17 09:40:20.787] [jointLog] [info] Thread saw mini-batch with a maximum of 8.40% zero probability fragments
[2020-07-17 09:40:20.787] [jointLog] [info] Thread saw mini-batch with a maximum of 8.24% zero probability fragments
[2020-07-17 09:40:20.932] [jointLog] [info] Computed 245,979 rich equivalence classes for further processing
[2020-07-17 09:40:20.932] [jointLog] [info] Counted 11,682,581 total reads in the equivalence classes 
[2020-07-17 09:40:20.942] [jointLog] [info] Number of mappings discarded because of alignment score : 1,221,440
[2020-07-17 09:40:20.942] [jointLog] [info] Number of fragments entirely discarded because of alignment score : 21,860
[2020-07-17 09:40:20.942] [jointLog] [info] Number of fragments discarded because they are best-mapped to decoys : 0
[2020-07-17 09:40:20.942] [jointLog] [info] Number of fragments discarded because they have only dovetail (discordant) mappings to valid targets : 0
[2020-07-17 09:40:20.942] [jointLog] [info] Mapping rate = 48.524%

[2020-07-17 09:40:20.942] [jointLog] [info] finished quantifyLibrary()
[2020-07-17 09:40:20.943] [jointLog] [info] Starting optimizer
[2020-07-17 09:40:20.932] [fileLog] [info] 
At end of round 0
==================
Observed 24075867 total fragments (24075867 in most recent round)

[2020-07-17 09:40:21.018] [jointLog] [info] Marked 0 weighted equivalence classes as degenerate
[2020-07-17 09:40:21.029] [jointLog] [info] iteration = 0 | max rel diff. = 6353.05
[2020-07-17 09:40:22.144] [jointLog] [info] iteration = 100 | max rel diff. = 19.0976
[2020-07-17 09:40:23.196] [jointLog] [info] iteration = 200 | max rel diff. = 7.88324
[2020-07-17 09:40:24.216] [jointLog] [info] iteration = 300 | max rel diff. = 13.4841
[2020-07-17 09:40:25.211] [jointLog] [info] iteration = 400 | max rel diff. = 0.275639
[2020-07-17 09:40:26.223] [jointLog] [info] iteration = 500 | max rel diff. = 0.560246
[2020-07-17 09:40:27.289] [jointLog] [info] iteration = 600 | max rel diff. = 0.154731
[2020-07-17 09:40:28.379] [jointLog] [info] iteration = 700 | max rel diff. = 0.237667
[2020-07-17 09:40:29.402] [jointLog] [info] iteration = 800 | max rel diff. = 0.236279
[2020-07-17 09:40:30.481] [jointLog] [info] iteration = 900 | max rel diff. = 0.209491
[2020-07-17 09:40:31.548] [jointLog] [info] iteration = 1,000 | max rel diff. = 5.68856
[2020-07-17 09:40:32.651] [jointLog] [info] iteration = 1,100 | max rel diff. = 0.084114
[2020-07-17 09:40:33.654] [jointLog] [info] iteration = 1,200 | max rel diff. = 1.12483
[2020-07-17 09:40:34.664] [jointLog] [info] iteration = 1,300 | max rel diff. = 0.0130404
[2020-07-17 09:40:35.409] [jointLog] [info] iteration = 1,374 | max rel diff. = 0.00345808
[2020-07-17 09:40:35.412] [jointLog] [info] Finished optimizer
[2020-07-17 09:40:35.412] [jointLog] [info] writing output 

