[2020-07-09 18:15:46.499] [jointLog] [info] setting maxHashResizeThreads to 16
[2020-07-09 18:15:46.499] [jointLog] [info] Fragment incompatibility prior below threshold.  Incompatible fragments will be ignored.
[2020-07-09 18:15:46.499] [jointLog] [info] Usage of --validateMappings implies use of minScoreFraction. Since not explicitly specified, it is being set to 0.65
[2020-07-09 18:15:46.499] [jointLog] [info] Usage of --validateMappings implies a default consensus slack of 0.2. Setting consensusSlack to 0.35.
[2020-07-09 18:15:46.499] [jointLog] [info] parsing read library format
[2020-07-09 18:15:46.499] [jointLog] [info] There is 1 library.
[2020-07-09 18:15:46.557] [jointLog] [info] Loading pufferfish index
[2020-07-09 18:15:46.557] [jointLog] [info] Loading dense pufferfish index.
[2020-07-09 18:15:47.251] [jointLog] [info] done
[2020-07-09 18:15:47.251] [jointLog] [info] Index contained 140,825 targets
[2020-07-09 18:15:47.274] [jointLog] [info] Number of decoys : 0
[2020-07-09 18:15:47.435] [jointLog] [info] Automatically detected most likely library type as U
[2020-07-09 18:17:12.199] [jointLog] [info] Computed 656,339 rich equivalence classes for further processing
[2020-07-09 18:17:12.199] [jointLog] [info] Counted 32,469,852 total reads in the equivalence classes 
[2020-07-09 18:17:12.214] [jointLog] [info] Number of mappings discarded because of alignment score : 38,193,113
[2020-07-09 18:17:12.214] [jointLog] [info] Number of fragments entirely discarded because of alignment score : 305,056
[2020-07-09 18:17:12.214] [jointLog] [info] Number of fragments discarded because they are best-mapped to decoys : 0
[2020-07-09 18:17:12.214] [jointLog] [info] Number of fragments discarded because they have only dovetail (discordant) mappings to valid targets : 0
[2020-07-09 18:17:12.214] [jointLog] [info] Mapping rate = 77.0152%

[2020-07-09 18:17:12.214] [jointLog] [info] finished quantifyLibrary()
[2020-07-09 18:17:12.215] [jointLog] [info] Starting optimizer
[2020-07-09 18:17:12.394] [jointLog] [info] Marked 0 weighted equivalence classes as degenerate
[2020-07-09 18:17:12.457] [jointLog] [info] iteration = 0 | max rel diff. = 8076.68
[2020-07-09 18:17:12.199] [fileLog] [info] 
At end of round 0
==================
Observed 42160328 total fragments (42160328 in most recent round)

[2020-07-09 18:17:18.791] [jointLog] [info] iteration = 100 | max rel diff. = 17.8936
[2020-07-09 18:17:24.912] [jointLog] [info] iteration = 200 | max rel diff. = 5.82503
[2020-07-09 18:17:33.112] [jointLog] [info] iteration = 300 | max rel diff. = 9.28141
[2020-07-09 18:17:43.798] [jointLog] [info] iteration = 400 | max rel diff. = 0.496205
[2020-07-09 18:17:54.760] [jointLog] [info] iteration = 500 | max rel diff. = 0.382521
[2020-07-09 18:18:04.005] [jointLog] [info] iteration = 600 | max rel diff. = 0.374158
[2020-07-09 18:18:11.820] [jointLog] [info] iteration = 700 | max rel diff. = 1.47803
[2020-07-09 18:18:19.238] [jointLog] [info] iteration = 800 | max rel diff. = 0.547696
[2020-07-09 18:18:25.895] [jointLog] [info] iteration = 900 | max rel diff. = 0.0539679
[2020-07-09 18:18:32.257] [jointLog] [info] iteration = 1,000 | max rel diff. = 11.3935
[2020-07-09 18:18:38.370] [jointLog] [info] iteration = 1,100 | max rel diff. = 0.224562
[2020-07-09 18:18:44.441] [jointLog] [info] iteration = 1,200 | max rel diff. = 0.0556951
[2020-07-09 18:18:50.576] [jointLog] [info] iteration = 1,300 | max rel diff. = 0.509464
[2020-07-09 18:18:56.637] [jointLog] [info] iteration = 1,400 | max rel diff. = 0.164944
[2020-07-09 18:19:02.690] [jointLog] [info] iteration = 1,500 | max rel diff. = 0.0595463
[2020-07-09 18:19:08.735] [jointLog] [info] iteration = 1,600 | max rel diff. = 0.0166183
[2020-07-09 18:19:14.664] [jointLog] [info] iteration = 1,700 | max rel diff. = 0.150809
[2020-07-09 18:19:15.123] [jointLog] [info] iteration = 1,709 | max rel diff. = 0.00973403
[2020-07-09 18:19:15.127] [jointLog] [info] Finished optimizer
[2020-07-09 18:19:15.127] [jointLog] [info] writing output 

[2020-07-09 18:19:15.345] [jointLog] [warning] NOTE: Read Lib [[ ENCFF332KDA.fastq.gz ]] :

Detected a *potential* strand bias > 1% in an unstranded protocol check the file: TReg_1_Quant/lib_format_counts.json for details

