[2018-06-03 11:17:40.086] [jointLog] [info] parsing read library format
[2018-06-03 11:17:40.087] [jointLog] [info] There is 1 library.
[2018-06-03 11:17:40.140] [jointLog] [info] Loading Quasi index
[2018-06-03 11:17:40.141] [jointLog] [info] Loading 32-bit quasi index
[2018-06-03 11:17:44.997] [jointLog] [info] done
[2018-06-03 11:17:44.997] [jointLog] [info] Index contained 51884 targets
[2018-06-03 11:17:45.555] [jointLog] [info] Automatically detected most likely library type as U
[2018-06-03 11:20:21.757] [fileLog] [info] 
At end of round 0
==================
Observed 44935578 total fragments (44935578 in most recent round)

[2018-06-03 11:20:21.756] [jointLog] [info] Computed 82208 rich equivalence classes for further processing
[2018-06-03 11:20:21.756] [jointLog] [info] Counted 32473240 total reads in the equivalence classes 
[2018-06-03 11:20:21.816] [jointLog] [info] Mapping rate = 72.2662%

[2018-06-03 11:20:21.816] [jointLog] [info] finished quantifyLibrary()
[2018-06-03 11:20:21.830] [jointLog] [info] Starting optimizer
[2018-06-03 11:20:21.948] [jointLog] [info] Marked 0 weighted equivalence classes as degenerate
[2018-06-03 11:20:21.956] [jointLog] [info] iteration = 0 | max rel diff. = 188.341
[2018-06-03 11:20:22.406] [jointLog] [info] iteration = 100 | max rel diff. = 0.102614
[2018-06-03 11:20:22.915] [jointLog] [info] iteration = 200 | max rel diff. = 0.0518276
[2018-06-03 11:20:23.236] [jointLog] [info] iteration = 300 | max rel diff. = 0.0401708
[2018-06-03 11:20:23.394] [jointLog] [info] iteration = 400 | max rel diff. = 0.0290611
[2018-06-03 11:20:23.585] [jointLog] [info] iteration = 500 | max rel diff. = 0.0237917
[2018-06-03 11:20:23.796] [jointLog] [info] iteration = 600 | max rel diff. = 0.0194209
[2018-06-03 11:20:24.034] [jointLog] [info] iteration = 700 | max rel diff. = 0.0177645
[2018-06-03 11:20:24.247] [jointLog] [info] iteration = 800 | max rel diff. = 0.0152642
[2018-06-03 11:20:24.471] [jointLog] [info] iteration = 900 | max rel diff. = 0.0137516
[2018-06-03 11:20:24.681] [jointLog] [info] iteration = 1000 | max rel diff. = 0.0117704
[2018-06-03 11:20:24.889] [jointLog] [info] iteration = 1100 | max rel diff. = 0.010937
[2018-06-03 11:20:25.100] [jointLog] [info] iteration = 1200 | max rel diff. = 0.0101868
[2018-06-03 11:20:25.124] [jointLog] [info] iteration = 1213 | max rel diff. = 0.0098768
[2018-06-03 11:20:25.132] [jointLog] [info] Finished optimizer
[2018-06-03 11:20:25.132] [jointLog] [info] writing output 

[2018-06-03 11:20:25.210] [jointLog] [warning] NOTE: Read Lib [/rugpfs/fs0/ruit/scratch/tcarroll/treg/rnaseq//FQs/ENCFF070QMF.fastq.gz] :

Detected a *potential* strand bias > 1% in an unstranded protocol check the file: /rugpfs/fs0/ruit/scratch/tcarroll/treg/rnaseq//counts/T_reg_2/lib_format_counts.json for details

