[2018-06-03 11:17:40.517] [jointLog] [info] parsing read library format
[2018-06-03 11:17:40.517] [jointLog] [info] There is 1 library.
[2018-06-03 11:17:40.558] [jointLog] [info] Loading Quasi index
[2018-06-03 11:17:40.558] [jointLog] [info] Loading 32-bit quasi index
[2018-06-03 11:17:44.830] [jointLog] [info] done
[2018-06-03 11:17:44.830] [jointLog] [info] Index contained 51884 targets
[2018-06-03 11:17:45.338] [jointLog] [info] Automatically detected most likely library type as U
[2018-06-03 11:19:16.482] [jointLog] [info] Computed 77241 rich equivalence classes for further processing
[2018-06-03 11:19:16.482] [jointLog] [info] Counted 35065018 total reads in the equivalence classes 
[2018-06-03 11:19:16.527] [jointLog] [info] Mapping rate = 74.8988%

[2018-06-03 11:19:16.527] [jointLog] [info] finished quantifyLibrary()
[2018-06-03 11:19:16.530] [jointLog] [info] Starting optimizer
[2018-06-03 11:19:16.585] [jointLog] [info] Marked 0 weighted equivalence classes as degenerate
[2018-06-03 11:19:16.587] [jointLog] [info] iteration = 0 | max rel diff. = 167.952
[2018-06-03 11:19:16.483] [fileLog] [info] 
At end of round 0
==================
Observed 46816507 total fragments (46816507 in most recent round)

[2018-06-03 11:19:16.728] [jointLog] [info] iteration = 100 | max rel diff. = 0.103645
[2018-06-03 11:19:16.871] [jointLog] [info] iteration = 200 | max rel diff. = 0.0553082
[2018-06-03 11:19:17.015] [jointLog] [info] iteration = 300 | max rel diff. = 0.0402081
[2018-06-03 11:19:17.160] [jointLog] [info] iteration = 400 | max rel diff. = 0.0288882
[2018-06-03 11:19:17.307] [jointLog] [info] iteration = 500 | max rel diff. = 0.0233808
[2018-06-03 11:19:17.452] [jointLog] [info] iteration = 600 | max rel diff. = 0.0199532
[2018-06-03 11:19:17.596] [jointLog] [info] iteration = 700 | max rel diff. = 0.0178366
[2018-06-03 11:19:17.741] [jointLog] [info] iteration = 800 | max rel diff. = 0.0161437
[2018-06-03 11:19:17.887] [jointLog] [info] iteration = 900 | max rel diff. = 0.0132545
[2018-06-03 11:19:18.031] [jointLog] [info] iteration = 1000 | max rel diff. = 0.0131565
[2018-06-03 11:19:18.180] [jointLog] [info] iteration = 1100 | max rel diff. = 0.0107408
[2018-06-03 11:19:18.329] [jointLog] [info] iteration = 1200 | max rel diff. = 0.0107448
[2018-06-03 11:19:18.346] [jointLog] [info] iteration = 1213 | max rel diff. = 0.00987672
[2018-06-03 11:19:18.353] [jointLog] [info] Finished optimizer
[2018-06-03 11:19:18.353] [jointLog] [info] writing output 

[2018-06-03 11:19:18.420] [jointLog] [warning] NOTE: Read Lib [/rugpfs/fs0/ruit/scratch/tcarroll/treg/rnaseq//FQs/ENCFF042XBW.fastq.gz] :

Detected a *potential* strand bias > 1% in an unstranded protocol check the file: /rugpfs/fs0/ruit/scratch/tcarroll/treg/rnaseq//counts/T_reg_act_3/lib_format_counts.json for details

